#
# There is insufficient memory for the Java Runtime Environment to continue.
# Native memory allocation (malloc) failed to allocate 131088 bytes for Chunk::new
# Possible reasons:
#   The system is out of physical RAM or swap space
#   The process is running with CompressedOops enabled, and the Java Heap may be blocking the growth of the native heap
# Possible solutions:
#   Reduce memory load on the system
#   Increase physical memory or swap space
#   Check if swap backing store is full
#   Decrease Java heap size (-Xmx/-Xms)
#   Decrease number of Java threads
#   Decrease Java thread stack sizes (-Xss)
#   Set larger code cache with -XX:ReservedCodeCacheSize=
#   JVM is running with Unscaled Compressed Oops mode in which the Java heap is
#     placed in the first 4GB address space. The Java Heap base address is the
#     maximum limit for the native heap growth. Please use -XX:HeapBaseMinAddress
#     to set the Java Heap base and to place the Java Heap above 4GB virtual address.
# This output file may be truncated or incomplete.
#
#  Out of Memory Error (t:/workspace/hotspot/src/share/vm/memory/allocation.cpp:372), pid=10748, tid=4320
#
# JRE version: Java(TM) SE Runtime Environment (9.0+11) (build 9.0.4+11)
# Java VM: Java HotSpot(TM) 64-Bit Server VM (9.0.4+11, mixed mode, tiered, compressed oops, g1 gc, windows-amd64)
# No core dump will be written. Minidumps are not enabled by default on client versions of Windows
#

---------------  S U M M A R Y ------------

Command Line: -javaagent:C:\Program Files\JetBrains\IntelliJ IDEA 2017.3.5\lib\idea_rt.jar=6165:C:\Program Files\JetBrains\IntelliJ IDEA 2017.3.5\bin -Dfile.encoding=UTF-8 Gui

Host: AMD FX(tm)-6300 Six-Core Processor             , 6 cores, 7G,  Windows 10 , 64 bit Build 16299 (10.0.16299.431)
Time: Mon Jun 04 10:05:58 2018 Mountain Daylight Time elapsed time: 3 seconds (0d 0h 0m 3s)

---------------  T H R E A D  ---------------

Current thread (0x0000016263f4c000):  JavaThread "C2 CompilerThread1" daemon [_thread_in_native, id=4320, stack(0x0000005626a00000,0x0000005626b00000)]


Current CompileTask:
C2:   3218 1207       4       java.util.regex.Pattern$BmpCharProperty::match (55 bytes)

Stack: [0x0000005626a00000,0x0000005626b00000]
Native frames: (J=compiled Java code, j=interpreted, Vv=VM code, C=native code)
V  [jvm.dll+0x587068]

[error occurred during error reporting (printing native stack), id 0xe0000001]


---------------  P R O C E S S  ---------------

Java Threads: ( => current thread )
  0x000001626556a800 JavaThread "Thread-0" [_thread_in_Java, id=1580, stack(0x0000005628000000,0x0000005628100000)]
  0x0000016269b1a800 JavaThread "D3D Screen Updater" daemon [_thread_blocked, id=10100, stack(0x0000005627f00000,0x0000005628000000)]
  0x0000016240ed3000 JavaThread "DestroyJavaVM" [_thread_blocked, id=14992, stack(0x0000005625200000,0x0000005625300000)]
  0x000001626a17c800 JavaThread "AWT-EventQueue-0" [_thread_blocked, id=2204, stack(0x0000005627e00000,0x0000005627f00000)]
  0x000001626501a000 JavaThread "AWT-Windows" daemon [_thread_in_native, id=14428, stack(0x0000005627300000,0x0000005627400000)]
  0x0000016264fa9800 JavaThread "AWT-Shutdown" [_thread_blocked, id=6764, stack(0x0000005627200000,0x0000005627300000)]
  0x0000016264f80800 JavaThread "Java2D Disposer" daemon [_thread_blocked, id=2380, stack(0x0000005627100000,0x0000005627200000)]
  0x0000016264b8d800 JavaThread "Service Thread" daemon [_thread_blocked, id=7440, stack(0x0000005626f00000,0x0000005627000000)]
  0x0000016264b8a800 JavaThread "Monitor Ctrl-Break" daemon [_thread_in_native, id=15096, stack(0x0000005626e00000,0x0000005626f00000)]
  0x000001626494d000 JavaThread "Common-Cleaner" daemon [_thread_blocked, id=13348, stack(0x0000005626d00000,0x0000005626e00000)]
  0x00000162648b9000 JavaThread "Sweeper thread" daemon [_thread_blocked, id=14236, stack(0x0000005626c00000,0x0000005626d00000)]
  0x00000162648b6000 JavaThread "C1 CompilerThread2" daemon [_thread_blocked, id=9448, stack(0x0000005626b00000,0x0000005626c00000)]
=>0x0000016263f4c000 JavaThread "C2 CompilerThread1" daemon [_thread_in_native, id=4320, stack(0x0000005626a00000,0x0000005626b00000)]
  0x0000016263f49000 JavaThread "C2 CompilerThread0" daemon [_thread_in_native, id=8856, stack(0x0000005626900000,0x0000005626a00000)]
  0x00000162648b5000 JavaThread "Attach Listener" daemon [_thread_blocked, id=13092, stack(0x0000005626800000,0x0000005626900000)]
  0x00000162648ab800 JavaThread "Signal Dispatcher" daemon [_thread_blocked, id=5484, stack(0x0000005626700000,0x0000005626800000)]
  0x0000016264869800 JavaThread "Finalizer" daemon [_thread_blocked, id=15000, stack(0x0000005626500000,0x0000005626600000)]
  0x000001626485e000 JavaThread "Reference Handler" daemon [_thread_blocked, id=14952, stack(0x0000005626400000,0x0000005626500000)]

Other Threads:
  0x0000016264849000 VMThread "VM Thread" [stack: 0x0000005626300000,0x0000005626400000] [id=6012]
  0x0000016264ba0800 WatcherThread [stack: 0x0000005627000000,0x0000005627100000] [id=15108]
  0x0000016240eec000 GCTaskThread "GC Thread#0" [stack: 0x0000005625300000,0x0000005625400000] [id=15116]
  0x0000016240eed000 GCTaskThread "GC Thread#1" [stack: 0x0000005625400000,0x0000005625500000] [id=14940]
  0x0000016240eef000 GCTaskThread "GC Thread#2" [stack: 0x0000005625500000,0x0000005625600000] [id=14460]
  0x0000016240ef1000 GCTaskThread "GC Thread#3" [stack: 0x0000005625600000,0x0000005625700000] [id=8268]
  0x0000016240ef2800 GCTaskThread "GC Thread#4" [stack: 0x0000005625700000,0x0000005625800000] [id=2544]
  0x0000016240ef6000 GCTaskThread "GC Thread#5" [stack: 0x0000005625800000,0x0000005625900000] [id=1664]
  0x0000016240f76000 ConcurrentGCThread "G1 Main Marker" [stack: 0x0000005626000000,0x0000005626100000] [id=15160]
  0x0000016240f78000 ConcurrentGCThread "G1 Marker#0" [stack: 0x0000005626100000,0x0000005626200000] [id=2740]
  0x0000016240f81800 ConcurrentGCThread "G1 Marker#1" [stack: 0x0000005626200000,0x0000005626300000] [id=7516]
  0x0000016240f02000 ConcurrentGCThread "G1 Refine#0" [stack: 0x0000005625e00000,0x0000005625f00000] [id=2948]
  0x0000016240efd800 ConcurrentGCThread "G1 Refine#1" [stack: 0x0000005625d00000,0x0000005625e00000] [id=5800]
  0x0000016240efc000 ConcurrentGCThread "G1 Refine#2" [stack: 0x0000005625c00000,0x0000005625d00000] [id=9632]
  0x0000016240efb000 ConcurrentGCThread "G1 Refine#3" [stack: 0x0000005625b00000,0x0000005625c00000] [id=14668]
  0x0000016240ef9800 ConcurrentGCThread "G1 Refine#4" [stack: 0x0000005625a00000,0x0000005625b00000] [id=8896]
  0x0000016240ef7000 ConcurrentGCThread "G1 Refine#5" [stack: 0x0000005625900000,0x0000005625a00000] [id=852]
  0x0000016240f09000 ConcurrentGCThread "G1 Young RemSet Sampling" [stack: 0x0000005625f00000,0x0000005626000000] [id=6316]

Threads with active compile tasks:
C2 CompilerThread11207       4       java.util.regex.Pattern$BmpCharProperty::match (55 bytes)
C2 CompilerThread01214       4       java.util.regex.Pattern$GroupHead::match (47 bytes)

VM state:not at safepoint (normal execution)

VM Mutex/Monitor currently owned by a thread: None

Heap address: 0x0000000080400000, size: 2044 MB, Compressed Oops mode: 32-bit
Narrow klass base: 0x0000000000000000, Narrow klass shift: 3
Compressed class space size: 1073741824 Address: 0x0000000100000000

Heap:
 garbage-first heap   total 131072K, used 21504K [0x0000000080400000, 0x0000000080500400, 0x0000000100000000)
  region size 1024K, 22 young (22528K), 0 survivors (0K)
 Metaspace       used 14667K, capacity 15518K, committed 15616K, reserved 1062912K
  class space    used 1555K, capacity 1727K, committed 1792K, reserved 1048576K
Heap Regions: E=young(eden), S=young(survivor), O=old, HS=humongous(starts), HC=humongous(continues), CS=collection set, F=free, A=archive, TS=gc time stamp, AC=allocation context, TAMS=top-at-mark-start (previous, next)
|   0|0x0000000080400000, 0x0000000080400000, 0x0000000080500000|  0%| F|  |TS  0|AC  0|TAMS 0x0000000080400000, 0x0000000080400000|
|   1|0x0000000080500000, 0x0000000080500000, 0x0000000080600000|  0%| F|  |TS  0|AC  0|TAMS 0x0000000080500000, 0x0000000080500000|
|   2|0x0000000080600000, 0x0000000080600000, 0x0000000080700000|  0%| F|  |TS  0|AC  0|TAMS 0x0000000080600000, 0x0000000080600000|
|   3|0x0000000080700000, 0x0000000080700000, 0x0000000080800000|  0%| F|  |TS  0|AC  0|TAMS 0x0000000080700000, 0x0000000080700000|
|   4|0x0000000080800000, 0x0000000080800000, 0x0000000080900000|  0%| F|  |TS  0|AC  0|TAMS 0x0000000080800000, 0x0000000080800000|
|   5|0x0000000080900000, 0x0000000080900000, 0x0000000080a00000|  0%| F|  |TS  0|AC  0|TAMS 0x0000000080900000, 0x0000000080900000|
|   6|0x0000000080a00000, 0x0000000080a00000, 0x0000000080b00000|  0%| F|  |TS  0|AC  0|TAMS 0x0000000080a00000, 0x0000000080a00000|
|   7|0x0000000080b00000, 0x0000000080b00000, 0x0000000080c00000|  0%| F|  |TS  0|AC  0|TAMS 0x0000000080b00000, 0x0000000080b00000|
|   8|0x0000000080c00000, 0x0000000080c00000, 0x0000000080d00000|  0%| F|  |TS  0|AC  0|TAMS 0x0000000080c00000, 0x0000000080c00000|
|   9|0x0000000080d00000, 0x0000000080d00000, 0x0000000080e00000|  0%| F|  |TS  0|AC  0|TAMS 0x0000000080d00000, 0x0000000080d00000|
|  10|0x0000000080e00000, 0x0000000080e00000, 0x0000000080f00000|  0%| F|  |TS  0|AC  0|TAMS 0x0000000080e00000, 0x0000000080e00000|
|  11|0x0000000080f00000, 0x0000000080f00000, 0x0000000081000000|  0%| F|  |TS  0|AC  0|TAMS 0x0000000080f00000, 0x0000000080f00000|
|  12|0x0000000081000000, 0x0000000081000000, 0x0000000081100000|  0%| F|  |TS  0|AC  0|TAMS 0x0000000081000000, 0x0000000081000000|
|  13|0x0000000081100000, 0x0000000081100000, 0x0000000081200000|  0%| F|  |TS  0|AC  0|TAMS 0x0000000081100000, 0x0000000081100000|
|  14|0x0000000081200000, 0x0000000081200000, 0x0000000081300000|  0%| F|  |TS  0|AC  0|TAMS 0x0000000081200000, 0x0000000081200000|
|  15|0x0000000081300000, 0x0000000081300000, 0x0000000081400000|  0%| F|  |TS  0|AC  0|TAMS 0x0000000081300000, 0x0000000081300000|
|  16|0x0000000081400000, 0x0000000081400000, 0x0000000081500000|  0%| F|  |TS  0|AC  0|TAMS 0x0000000081400000, 0x0000000081400000|
|  17|0x0000000081500000, 0x0000000081500000, 0x0000000081600000|  0%| F|  |TS  0|AC  0|TAMS 0x0000000081500000, 0x0000000081500000|
|  18|0x0000000081600000, 0x0000000081600000, 0x0000000081700000|  0%| F|  |TS  0|AC  0|TAMS 0x0000000081600000, 0x0000000081600000|
|  19|0x0000000081700000, 0x0000000081700000, 0x0000000081800000|  0%| F|  |TS  0|AC  0|TAMS 0x0000000081700000, 0x0000000081700000|
|  20|0x0000000081800000, 0x0000000081800000, 0x0000000081900000|  0%| F|  |TS  0|AC  0|TAMS 0x0000000081800000, 0x0000000081800000|
|  21|0x0000000081900000, 0x0000000081900000, 0x0000000081a00000|  0%| F|  |TS  0|AC  0|TAMS 0x0000000081900000, 0x0000000081900000|
|  22|0x0000000081a00000, 0x0000000081a00000, 0x0000000081b00000|  0%| F|  |TS  0|AC  0|TAMS 0x0000000081a00000, 0x0000000081a00000|
|  23|0x0000000081b00000, 0x0000000081b00000, 0x0000000081c00000|  0%| F|  |TS  0|AC  0|TAMS 0x0000000081b00000, 0x0000000081b00000|
|  24|0x0000000081c00000, 0x0000000081c00000, 0x0000000081d00000|  0%| F|  |TS  0|AC  0|TAMS 0x0000000081c00000, 0x0000000081c00000|
|  25|0x0000000081d00000, 0x0000000081d00000, 0x0000000081e00000|  0%| F|  |TS  0|AC  0|TAMS 0x0000000081d00000, 0x0000000081d00000|
|  26|0x0000000081e00000, 0x0000000081e00000, 0x0000000081f00000|  0%| F|  |TS  0|AC  0|TAMS 0x0000000081e00000, 0x0000000081e00000|
|  27|0x0000000081f00000, 0x0000000081f00000, 0x0000000082000000|  0%| F|  |TS  0|AC  0|TAMS 0x0000000081f00000, 0x0000000081f00000|
|  28|0x0000000082000000, 0x0000000082000000, 0x0000000082100000|  0%| F|  |TS  0|AC  0|TAMS 0x0000000082000000, 0x0000000082000000|
|  29|0x0000000082100000, 0x0000000082100000, 0x0000000082200000|  0%| F|  |TS  0|AC  0|TAMS 0x0000000082100000, 0x0000000082100000|
|  30|0x0000000082200000, 0x0000000082200000, 0x0000000082300000|  0%| F|  |TS  0|AC  0|TAMS 0x0000000082200000, 0x0000000082200000|
|  31|0x0000000082300000, 0x0000000082300000, 0x0000000082400000|  0%| F|  |TS  0|AC  0|TAMS 0x0000000082300000, 0x0000000082300000|
|  32|0x0000000082400000, 0x0000000082400000, 0x0000000082500000|  0%| F|  |TS  0|AC  0|TAMS 0x0000000082400000, 0x0000000082400000|
|  33|0x0000000082500000, 0x0000000082500000, 0x0000000082600000|  0%| F|  |TS  0|AC  0|TAMS 0x0000000082500000, 0x0000000082500000|
|  34|0x0000000082600000, 0x0000000082600000, 0x0000000082700000|  0%| F|  |TS  0|AC  0|TAMS 0x0000000082600000, 0x0000000082600000|
|  35|0x0000000082700000, 0x0000000082700000, 0x0000000082800000|  0%| F|  |TS  0|AC  0|TAMS 0x0000000082700000, 0x0000000082700000|
|  36|0x0000000082800000, 0x0000000082800000, 0x0000000082900000|  0%| F|  |TS  0|AC  0|TAMS 0x0000000082800000, 0x0000000082800000|
|  37|0x0000000082900000, 0x0000000082900000, 0x0000000082a00000|  0%| F|  |TS  0|AC  0|TAMS 0x0000000082900000, 0x0000000082900000|
|  38|0x0000000082a00000, 0x0000000082a00000, 0x0000000082b00000|  0%| F|  |TS  0|AC  0|TAMS 0x0000000082a00000, 0x0000000082a00000|
|  39|0x0000000082b00000, 0x0000000082b00000, 0x0000000082c00000|  0%| F|  |TS  0|AC  0|TAMS 0x0000000082b00000, 0x0000000082b00000|
|  40|0x0000000082c00000, 0x0000000082c00000, 0x0000000082d00000|  0%| F|  |TS  0|AC  0|TAMS 0x0000000082c00000, 0x0000000082c00000|
|  41|0x0000000082d00000, 0x0000000082d00000, 0x0000000082e00000|  0%| F|  |TS  0|AC  0|TAMS 0x0000000082d00000, 0x0000000082d00000|
|  42|0x0000000082e00000, 0x0000000082e00000, 0x0000000082f00000|  0%| F|  |TS  0|AC  0|TAMS 0x0000000082e00000, 0x0000000082e00000|
|  43|0x0000000082f00000, 0x0000000082f00000, 0x0000000083000000|  0%| F|  |TS  0|AC  0|TAMS 0x0000000082f00000, 0x0000000082f00000|
|  44|0x0000000083000000, 0x0000000083000000, 0x0000000083100000|  0%| F|  |TS  0|AC  0|TAMS 0x0000000083000000, 0x0000000083000000|
|  45|0x0000000083100000, 0x0000000083100000, 0x0000000083200000|  0%| F|  |TS  0|AC  0|TAMS 0x0000000083100000, 0x0000000083100000|
|  46|0x0000000083200000, 0x0000000083200000, 0x0000000083300000|  0%| F|  |TS  0|AC  0|TAMS 0x0000000083200000, 0x0000000083200000|
|  47|0x0000000083300000, 0x0000000083300000, 0x0000000083400000|  0%| F|  |TS  0|AC  0|TAMS 0x0000000083300000, 0x0000000083300000|
|  48|0x0000000083400000, 0x0000000083400000, 0x0000000083500000|  0%| F|  |TS  0|AC  0|TAMS 0x0000000083400000, 0x0000000083400000|
|  49|0x0000000083500000, 0x0000000083500000, 0x0000000083600000|  0%| F|  |TS  0|AC  0|TAMS 0x0000000083500000, 0x0000000083500000|
|  50|0x0000000083600000, 0x0000000083600000, 0x0000000083700000|  0%| F|  |TS  0|AC  0|TAMS 0x0000000083600000, 0x0000000083600000|
|  51|0x0000000083700000, 0x0000000083700000, 0x0000000083800000|  0%| F|  |TS  0|AC  0|TAMS 0x0000000083700000, 0x0000000083700000|
|  52|0x0000000083800000, 0x0000000083800000, 0x0000000083900000|  0%| F|  |TS  0|AC  0|TAMS 0x0000000083800000, 0x0000000083800000|
|  53|0x0000000083900000, 0x0000000083900000, 0x0000000083a00000|  0%| F|  |TS  0|AC  0|TAMS 0x0000000083900000, 0x0000000083900000|
|  54|0x0000000083a00000, 0x0000000083a00000, 0x0000000083b00000|  0%| F|  |TS  0|AC  0|TAMS 0x0000000083a00000, 0x0000000083a00000|
|  55|0x0000000083b00000, 0x0000000083b00000, 0x0000000083c00000|  0%| F|  |TS  0|AC  0|TAMS 0x0000000083b00000, 0x0000000083b00000|
|  56|0x0000000083c00000, 0x0000000083c00000, 0x0000000083d00000|  0%| F|  |TS  0|AC  0|TAMS 0x0000000083c00000, 0x0000000083c00000|
|  57|0x0000000083d00000, 0x0000000083d00000, 0x0000000083e00000|  0%| F|  |TS  0|AC  0|TAMS 0x0000000083d00000, 0x0000000083d00000|
|  58|0x0000000083e00000, 0x0000000083e00000, 0x0000000083f00000|  0%| F|  |TS  0|AC  0|TAMS 0x0000000083e00000, 0x0000000083e00000|
|  59|0x0000000083f00000, 0x0000000083f00000, 0x0000000084000000|  0%| F|  |TS  0|AC  0|TAMS 0x0000000083f00000, 0x0000000083f00000|
|  60|0x0000000084000000, 0x0000000084000000, 0x0000000084100000|  0%| F|  |TS  0|AC  0|TAMS 0x0000000084000000, 0x0000000084000000|
|  61|0x0000000084100000, 0x0000000084100000, 0x0000000084200000|  0%| F|  |TS  0|AC  0|TAMS 0x0000000084100000, 0x0000000084100000|
|  62|0x0000000084200000, 0x0000000084200000, 0x0000000084300000|  0%| F|  |TS  0|AC  0|TAMS 0x0000000084200000, 0x0000000084200000|
|  63|0x0000000084300000, 0x0000000084300000, 0x0000000084400000|  0%| F|  |TS  0|AC  0|TAMS 0x0000000084300000, 0x0000000084300000|
|  64|0x0000000084400000, 0x0000000084400000, 0x0000000084500000|  0%| F|  |TS  0|AC  0|TAMS 0x0000000084400000, 0x0000000084400000|
|  65|0x0000000084500000, 0x0000000084500000, 0x0000000084600000|  0%| F|  |TS  0|AC  0|TAMS 0x0000000084500000, 0x0000000084500000|
|  66|0x0000000084600000, 0x0000000084600000, 0x0000000084700000|  0%| F|  |TS  0|AC  0|TAMS 0x0000000084600000, 0x0000000084600000|
|  67|0x0000000084700000, 0x0000000084700000, 0x0000000084800000|  0%| F|  |TS  0|AC  0|TAMS 0x0000000084700000, 0x0000000084700000|
|  68|0x0000000084800000, 0x0000000084800000, 0x0000000084900000|  0%| F|  |TS  0|AC  0|TAMS 0x0000000084800000, 0x0000000084800000|
|  69|0x0000000084900000, 0x0000000084900000, 0x0000000084a00000|  0%| F|  |TS  0|AC  0|TAMS 0x0000000084900000, 0x0000000084900000|
|  70|0x0000000084a00000, 0x0000000084a00000, 0x0000000084b00000|  0%| F|  |TS  0|AC  0|TAMS 0x0000000084a00000, 0x0000000084a00000|
|  71|0x0000000084b00000, 0x0000000084b00000, 0x0000000084c00000|  0%| F|  |TS  0|AC  0|TAMS 0x0000000084b00000, 0x0000000084b00000|
|  72|0x0000000084c00000, 0x0000000084c00000, 0x0000000084d00000|  0%| F|  |TS  0|AC  0|TAMS 0x0000000084c00000, 0x0000000084c00000|
|  73|0x0000000084d00000, 0x0000000084d00000, 0x0000000084e00000|  0%| F|  |TS  0|AC  0|TAMS 0x0000000084d00000, 0x0000000084d00000|
|  74|0x0000000084e00000, 0x0000000084e00000, 0x0000000084f00000|  0%| F|  |TS  0|AC  0|TAMS 0x0000000084e00000, 0x0000000084e00000|
|  75|0x0000000084f00000, 0x0000000084f00000, 0x0000000085000000|  0%| F|  |TS  0|AC  0|TAMS 0x0000000084f00000, 0x0000000084f00000|
|  76|0x0000000085000000, 0x0000000085000000, 0x0000000085100000|  0%| F|  |TS  0|AC  0|TAMS 0x0000000085000000, 0x0000000085000000|
|  77|0x0000000085100000, 0x0000000085100000, 0x0000000085200000|  0%| F|  |TS  0|AC  0|TAMS 0x0000000085100000, 0x0000000085100000|
|  78|0x0000000085200000, 0x0000000085200000, 0x0000000085300000|  0%| F|  |TS  0|AC  0|TAMS 0x0000000085200000, 0x0000000085200000|
|  79|0x0000000085300000, 0x0000000085300000, 0x0000000085400000|  0%| F|  |TS  0|AC  0|TAMS 0x0000000085300000, 0x0000000085300000|
|  80|0x0000000085400000, 0x0000000085400000, 0x0000000085500000|  0%| F|  |TS  0|AC  0|TAMS 0x0000000085400000, 0x0000000085400000|
|  81|0x0000000085500000, 0x0000000085500000, 0x0000000085600000|  0%| F|  |TS  0|AC  0|TAMS 0x0000000085500000, 0x0000000085500000|
|  82|0x0000000085600000, 0x0000000085600000, 0x0000000085700000|  0%| F|  |TS  0|AC  0|TAMS 0x0000000085600000, 0x0000000085600000|
|  83|0x0000000085700000, 0x0000000085700000, 0x0000000085800000|  0%| F|  |TS  0|AC  0|TAMS 0x0000000085700000, 0x0000000085700000|
|  84|0x0000000085800000, 0x0000000085800000, 0x0000000085900000|  0%| F|  |TS  0|AC  0|TAMS 0x0000000085800000, 0x0000000085800000|
|  85|0x0000000085900000, 0x0000000085900000, 0x0000000085a00000|  0%| F|  |TS  0|AC  0|TAMS 0x0000000085900000, 0x0000000085900000|
|  86|0x0000000085a00000, 0x0000000085a00000, 0x0000000085b00000|  0%| F|  |TS  0|AC  0|TAMS 0x0000000085a00000, 0x0000000085a00000|
|  87|0x0000000085b00000, 0x0000000085b00000, 0x0000000085c00000|  0%| F|  |TS  0|AC  0|TAMS 0x0000000085b00000, 0x0000000085b00000|
|  88|0x0000000085c00000, 0x0000000085c00000, 0x0000000085d00000|  0%| F|  |TS  0|AC  0|TAMS 0x0000000085c00000, 0x0000000085c00000|
|  89|0x0000000085d00000, 0x0000000085d00000, 0x0000000085e00000|  0%| F|  |TS  0|AC  0|TAMS 0x0000000085d00000, 0x0000000085d00000|
|  90|0x0000000085e00000, 0x0000000085e00000, 0x0000000085f00000|  0%| F|  |TS  0|AC  0|TAMS 0x0000000085e00000, 0x0000000085e00000|
|  91|0x0000000085f00000, 0x0000000085f00000, 0x0000000086000000|  0%| F|  |TS  0|AC  0|TAMS 0x0000000085f00000, 0x0000000085f00000|
|  92|0x0000000086000000, 0x0000000086000000, 0x0000000086100000|  0%| F|  |TS  0|AC  0|TAMS 0x0000000086000000, 0x0000000086000000|
|  93|0x0000000086100000, 0x0000000086100000, 0x0000000086200000|  0%| F|  |TS  0|AC  0|TAMS 0x0000000086100000, 0x0000000086100000|
|  94|0x0000000086200000, 0x0000000086200000, 0x0000000086300000|  0%| F|  |TS  0|AC  0|TAMS 0x0000000086200000, 0x0000000086200000|
|  95|0x0000000086300000, 0x0000000086300000, 0x0000000086400000|  0%| F|  |TS  0|AC  0|TAMS 0x0000000086300000, 0x0000000086300000|
|  96|0x0000000086400000, 0x0000000086400000, 0x0000000086500000|  0%| F|  |TS  0|AC  0|TAMS 0x0000000086400000, 0x0000000086400000|
|  97|0x0000000086500000, 0x0000000086500000, 0x0000000086600000|  0%| F|  |TS  0|AC  0|TAMS 0x0000000086500000, 0x0000000086500000|
|  98|0x0000000086600000, 0x0000000086600000, 0x0000000086700000|  0%| F|  |TS  0|AC  0|TAMS 0x0000000086600000, 0x0000000086600000|
|  99|0x0000000086700000, 0x0000000086700000, 0x0000000086800000|  0%| F|  |TS  0|AC  0|TAMS 0x0000000086700000, 0x0000000086700000|
| 100|0x0000000086800000, 0x0000000086800000, 0x0000000086900000|  0%| F|  |TS  0|AC  0|TAMS 0x0000000086800000, 0x0000000086800000|
| 101|0x0000000086900000, 0x0000000086900000, 0x0000000086a00000|  0%| F|  |TS  0|AC  0|TAMS 0x0000000086900000, 0x0000000086900000|
| 102|0x0000000086a00000, 0x0000000086a00000, 0x0000000086b00000|  0%| F|  |TS  0|AC  0|TAMS 0x0000000086a00000, 0x0000000086a00000|
| 103|0x0000000086b00000, 0x0000000086b00000, 0x0000000086c00000|  0%| F|  |TS  0|AC  0|TAMS 0x0000000086b00000, 0x0000000086b00000|
| 104|0x0000000086c00000, 0x0000000086c00000, 0x0000000086d00000|  0%| F|  |TS  0|AC  0|TAMS 0x0000000086c00000, 0x0000000086c00000|
| 105|0x0000000086d00000, 0x0000000086d00000, 0x0000000086e00000|  0%| F|  |TS  0|AC  0|TAMS 0x0000000086d00000, 0x0000000086d00000|
| 106|0x0000000086e00000, 0x0000000086ee1cc0, 0x0000000086f00000| 88%| E|  |TS  0|AC  0|TAMS 0x0000000086e00000, 0x0000000086e00000|
| 107|0x0000000086f00000, 0x0000000087000000, 0x0000000087000000|100%| E|CS|TS  0|AC  0|TAMS 0x0000000086f00000, 0x0000000086f00000|
| 108|0x0000000087000000, 0x0000000087100000, 0x0000000087100000|100%| E|CS|TS  0|AC  0|TAMS 0x0000000087000000, 0x0000000087000000|
| 109|0x0000000087100000, 0x0000000087200000, 0x0000000087200000|100%| E|CS|TS  0|AC  0|TAMS 0x0000000087100000, 0x0000000087100000|
| 110|0x0000000087200000, 0x0000000087300000, 0x0000000087300000|100%| E|CS|TS  0|AC  0|TAMS 0x0000000087200000, 0x0000000087200000|
| 111|0x0000000087300000, 0x0000000087400000, 0x0000000087400000|100%| E|CS|TS  0|AC  0|TAMS 0x0000000087300000, 0x0000000087300000|
| 112|0x0000000087400000, 0x0000000087500000, 0x0000000087500000|100%| E|CS|TS  0|AC  0|TAMS 0x0000000087400000, 0x0000000087400000|
| 113|0x0000000087500000, 0x0000000087600000, 0x0000000087600000|100%| E|CS|TS  0|AC  0|TAMS 0x0000000087500000, 0x0000000087500000|
| 114|0x0000000087600000, 0x0000000087700000, 0x0000000087700000|100%| E|CS|TS  0|AC  0|TAMS 0x0000000087600000, 0x0000000087600000|
| 115|0x0000000087700000, 0x0000000087800000, 0x0000000087800000|100%| E|CS|TS  0|AC  0|TAMS 0x0000000087700000, 0x0000000087700000|
| 116|0x0000000087800000, 0x0000000087900000, 0x0000000087900000|100%| E|CS|TS  0|AC  0|TAMS 0x0000000087800000, 0x0000000087800000|
| 117|0x0000000087900000, 0x0000000087a00000, 0x0000000087a00000|100%| E|CS|TS  0|AC  0|TAMS 0x0000000087900000, 0x0000000087900000|
| 118|0x0000000087a00000, 0x0000000087b00000, 0x0000000087b00000|100%| E|CS|TS  0|AC  0|TAMS 0x0000000087a00000, 0x0000000087a00000|
| 119|0x0000000087b00000, 0x0000000087c00000, 0x0000000087c00000|100%| E|CS|TS  0|AC  0|TAMS 0x0000000087b00000, 0x0000000087b00000|
| 120|0x0000000087c00000, 0x0000000087d00000, 0x0000000087d00000|100%| E|CS|TS  0|AC  0|TAMS 0x0000000087c00000, 0x0000000087c00000|
| 121|0x0000000087d00000, 0x0000000087e00000, 0x0000000087e00000|100%| E|CS|TS  0|AC  0|TAMS 0x0000000087d00000, 0x0000000087d00000|
| 122|0x0000000087e00000, 0x0000000087f00000, 0x0000000087f00000|100%| E|CS|TS  0|AC  0|TAMS 0x0000000087e00000, 0x0000000087e00000|
| 123|0x0000000087f00000, 0x0000000088000000, 0x0000000088000000|100%| E|CS|TS  0|AC  0|TAMS 0x0000000087f00000, 0x0000000087f00000|
| 124|0x0000000088000000, 0x0000000088100000, 0x0000000088100000|100%| E|CS|TS  0|AC  0|TAMS 0x0000000088000000, 0x0000000088000000|
| 125|0x0000000088100000, 0x0000000088200000, 0x0000000088200000|100%| E|CS|TS  0|AC  0|TAMS 0x0000000088100000, 0x0000000088100000|
| 126|0x0000000088200000, 0x0000000088300000, 0x0000000088300000|100%| E|CS|TS  0|AC  0|TAMS 0x0000000088200000, 0x0000000088200000|
| 127|0x0000000088300000, 0x0000000088400000, 0x0000000088400000|100%| E|CS|TS  0|AC  0|TAMS 0x0000000088300000, 0x0000000088300000|

Card table byte_map: [0x000001625cf90000,0x000001625d390000] byte_map_base: 0x000001625cb8e000

Marking Bits (Prev, Next): (CMBitMap*) 0x0000016240f752d0, (CMBitMap*) 0x0000016240f75308
 Prev Bits: [0x000001625d790000, 0x000001625f780000)
 Next Bits: [0x000001625f780000, 0x0000016261770000)

Polling page: 0x000001623ede0000

CodeHeap 'non-profiled nmethods': size=120064Kb used=402Kb max_used=402Kb free=119661Kb
 bounds [0x0000016254a10000, 0x0000016254c80000, 0x000001625bf50000]
CodeHeap 'profiled nmethods': size=120000Kb used=2186Kb max_used=2186Kb free=117813Kb
 bounds [0x000001624d4e0000, 0x000001624d750000, 0x0000016254a10000]
CodeHeap 'non-nmethods': size=5696Kb used=1344Kb max_used=1356Kb free=4351Kb
 bounds [0x000001624cf50000, 0x000001624d1c0000, 0x000001624d4e0000]
 total_blobs=1981 nmethods=1227 adapters=476
 compilation: enabled

Compilation events (10 events):
Event: 3.174 Thread 0x00000162648b6000 1227       3       java.util.regex.Matcher::<init> (95 bytes)
Event: 3.174 Thread 0x00000162648b6000 nmethod 1227 0x000001624d6ff410 code [0x000001624d6ff600, 0x000001624d6ffcf0]
Event: 3.174 Thread 0x00000162648b6000 1232       3       javax.swing.JLabel::setText (107 bytes)
Event: 3.175 Thread 0x00000162648b6000 nmethod 1232 0x000001624d6ffe90 code [0x000001624d700100, 0x000001624d700ae0]
Event: 3.175 Thread 0x00000162648b6000 1228   !   3       java.util.Locale::getDefault (132 bytes)
Event: 3.177 Thread 0x00000162648b6000 nmethod 1228 0x000001624d700d90 code [0x000001624d700fa0, 0x000001624d701860]
Event: 3.177 Thread 0x00000162648b6000 1230       3       java.util.concurrent.TimeUnit::convert (77 bytes)
Event: 3.178 Thread 0x00000162648b6000 nmethod 1230 0x000001624d701a90 code [0x000001624d701ca0, 0x000001624d702230]
Event: 3.178 Thread 0x00000162648b6000 1231       3       java.util.Formatter::getZero (27 bytes)
Event: 3.178 Thread 0x00000162648b6000 nmethod 1231 0x000001624d702410 code [0x000001624d7025e0, 0x000001624d7028d0]

GC Heap History (0 events):
No events

Deoptimization events (6 events):
Event: 0.403 Thread 0x0000016264b8a800 Uncommon trap: reason=unstable_if action=reinterpret pc=0x0000016254a1bd98 method=java.lang.String.charAt(I)C @ 4 c2
Event: 1.668 Thread 0x0000016240ed3000 Uncommon trap: reason=class_check action=maybe_recompile pc=0x0000016254a50d54 method=java.util.HashMap.getNode(ILjava/lang/Object;)Ljava/util/HashMap$Node; @ 59 c2
Event: 1.681 Thread 0x0000016240ed3000 Uncommon trap: reason=class_check action=maybe_recompile pc=0x0000016254a50d54 method=java.util.HashMap.getNode(ILjava/lang/Object;)Ljava/util/HashMap$Node; @ 59 c2
Event: 1.681 Thread 0x0000016240ed3000 Uncommon trap: reason=class_check action=maybe_recompile pc=0x0000016254a50d54 method=java.util.HashMap.getNode(ILjava/lang/Object;)Ljava/util/HashMap$Node; @ 59 c2
Event: 1.682 Thread 0x0000016240ed3000 Uncommon trap: reason=class_check action=maybe_recompile pc=0x0000016254a50d54 method=java.util.HashMap.getNode(ILjava/lang/Object;)Ljava/util/HashMap$Node; @ 59 c2
Event: 3.093 Thread 0x000001626556a800 Uncommon trap: reason=unstable_if action=reinterpret pc=0x0000016254a3bfa0 method=jdk.internal.org.objectweb.asm.Type.getArgumentsAndReturnSizes(Ljava/lang/String;)I @ 88 c2

Classes redefined (0 events):
No events

Internal exceptions (10 events):
Event: 1.234 Thread 0x0000016240ed3000 Exception <a 'java/lang/NoSuchMethodError'{0x00000000879d6a40}: method resolution failed> (0x00000000879d6a40) thrown at [t:/workspace/hotspot/src/share/vm/prims/methodHandles.cpp, line 1256]
Event: 1.235 Thread 0x0000016240ed3000 Exception <a 'java/lang/NoSuchMethodError'{0x00000000879ddfb0}: java.lang.invoke.DirectMethodHandle$Holder.invokeStatic(Ljava/lang/Object;ILjava/lang/Object;Ljava/lang/Object;Ljava/lang/Object;)Ljava/lang/Object;> (0x00000000879ddfb0) thrown at [t:/worksp
Event: 1.235 Thread 0x0000016240ed3000 Exception <a 'java/lang/NoSuchMethodError'{0x00000000879e1ca8}: method resolution failed> (0x00000000879e1ca8) thrown at [t:/workspace/hotspot/src/share/vm/prims/methodHandles.cpp, line 1256]
Event: 1.315 Thread 0x0000016240ed3000 Exception <a 'java/lang/ClassNotFoundException'{0x00000000878af428}: com/sun/swing/internal/plaf/metal/resources/spi/metalProvider> (0x00000000878af428) thrown at [t:/workspace/hotspot/src/share/vm/classfile/systemDictionary.cpp, line 218]
Event: 1.316 Thread 0x0000016240ed3000 Exception <a 'java/lang/ClassNotFoundException'{0x00000000878b5d40}: com/sun/swing/internal/plaf/basic/resources/spi/basicProvider> (0x00000000878b5d40) thrown at [t:/workspace/hotspot/src/share/vm/classfile/systemDictionary.cpp, line 218]
Event: 1.581 Thread 0x0000016240ed3000 Exception <a 'java/lang/NoSuchMethodError'{0x00000000874e48b8}: java.lang.invoke.DirectMethodHandle$Holder.invokeStatic(Ljava/lang/Object;Ljava/lang/Object;Ljava/lang/Object;Ljava/lang/Object;Ljava/lang/Object;Ljava/lang/Object;Ljava/lang/Object;Ljava/lan
Event: 1.585 Thread 0x0000016240ed3000 Exception <a 'java/lang/NoSuchMethodError'{0x0000000087304628}: java.lang.invoke.DirectMethodHandle$Holder.invokeStatic(Ljava/lang/Object;Ljava/lang/Object;Ljava/lang/Object;Ljava/lang/Object;Ljava/lang/Object;Ljava/lang/Object;Ljava/lang/Object;Ljava/lan
Event: 1.590 Thread 0x0000016240ed3000 Exception <a 'java/lang/NoSuchMethodError'{0x0000000087324ce8}: java.lang.invoke.DirectMethodHandle$Holder.invokeStatic(Ljava/lang/Object;Ljava/lang/Object;Ljava/lang/Object;Ljava/lang/Object;Ljava/lang/Object;Ljava/lang/Object;Ljava/lang/Object;Ljava/lan
Event: 1.633 Thread 0x0000016240ed3000 Exception <a 'java/lang/NoSuchMethodError'{0x000000008739a608}: java.lang.invoke.DirectMethodHandle$Holder.invokeStatic(Ljava/lang/Object;Ljava/lang/Object;Ljava/lang/Object;Ljava/lang/Object;Ljava/lang/Object;Ljava/lang/Object;Ljava/lang/Object;Ljava/lan
Event: 3.095 Thread 0x000001626556a800 Exception <a 'java/lang/NoSuchMethodError'{0x00000000871b5e10}: java.lang.Object.lambda$union$2(Ljava/util/regex/Pattern$CharPredicate;I)Z> (0x00000000871b5e10) thrown at [t:/workspace/hotspot/src/share/vm/interpreter/linkResolver.cpp, line 731]

Events (10 events):
Event: 3.097 loading class java/util/Formatter$FormatSpecifier
Event: 3.097 loading class java/util/Formatter$FormatString
Event: 3.097 loading class java/util/Formatter$FormatString done
Event: 3.098 loading class java/util/Formatter$FormatSpecifier done
Event: 3.098 loading class java/util/Formatter$Flags
Event: 3.098 loading class java/util/Formatter$Flags done
Event: 3.099 loading class java/util/Formatter$Conversion
Event: 3.099 loading class java/util/Formatter$Conversion done
Event: 3.099 loading class java/util/Formatter$FixedString
Event: 3.099 loading class java/util/Formatter$FixedString done


Dynamic libraries:
0x00007ff657710000 - 0x00007ff65774e000 	C:\Program Files\Java\jdk-9.0.4\bin\java.exe
0x00007ffda8eb0000 - 0x00007ffda9090000 	C:\WINDOWS\SYSTEM32\ntdll.dll
0x00007ffda6ab0000 - 0x00007ffda6b5e000 	C:\WINDOWS\System32\KERNEL32.DLL
0x00007ffda60a0000 - 0x00007ffda6306000 	C:\WINDOWS\System32\KERNELBASE.dll
0x00007ffda6c80000 - 0x00007ffda6d21000 	C:\WINDOWS\System32\ADVAPI32.dll
0x00007ffda7130000 - 0x00007ffda71cd000 	C:\WINDOWS\System32\msvcrt.dll
0x00007ffda64b0000 - 0x00007ffda650b000 	C:\WINDOWS\System32\sechost.dll
0x00007ffda6b60000 - 0x00007ffda6c7f000 	C:\WINDOWS\System32\RPCRT4.dll
0x00007ffda6820000 - 0x00007ffda69af000 	C:\WINDOWS\System32\USER32.dll
0x00007ffda5930000 - 0x00007ffda5950000 	C:\WINDOWS\System32\win32u.dll
0x00007ffda7650000 - 0x00007ffda7678000 	C:\WINDOWS\System32\GDI32.dll
0x00007ffda5600000 - 0x00007ffda5793000 	C:\WINDOWS\System32\gdi32full.dll
0x00007ffda5390000 - 0x00007ffda542b000 	C:\WINDOWS\System32\msvcp_win.dll
0x00007ffda5290000 - 0x00007ffda5386000 	C:\WINDOWS\System32\ucrtbase.dll
0x00007ffd8aae0000 - 0x00007ffd8ad49000 	C:\WINDOWS\WinSxS\amd64_microsoft.windows.common-controls_6595b64144ccf1df_6.0.16299.431_none_15c7d3ee93659e73\COMCTL32.dll
0x00007ffda6510000 - 0x00007ffda6818000 	C:\WINDOWS\System32\combase.dll
0x00007ffda5850000 - 0x00007ffda58c2000 	C:\WINDOWS\System32\bcryptPrimitives.dll
0x00007ffda0220000 - 0x00007ffda022a000 	C:\WINDOWS\SYSTEM32\VERSION.dll
0x00007ffda7620000 - 0x00007ffda764d000 	C:\WINDOWS\System32\IMM32.DLL
0x00007ffd98740000 - 0x00007ffd9882f000 	C:\Program Files\Java\jdk-9.0.4\bin\msvcr120.dll
0x00007ffd98690000 - 0x00007ffd98736000 	C:\Program Files\Java\jdk-9.0.4\bin\msvcp120.dll
0x0000000068bb0000 - 0x00000000695d5000 	C:\Program Files\Java\jdk-9.0.4\bin\server\jvm.dll
0x00007ffda6db0000 - 0x00007ffda6db8000 	C:\WINDOWS\System32\PSAPI.DLL
0x00007ffda1b00000 - 0x00007ffda1b23000 	C:\WINDOWS\SYSTEM32\WINMM.dll
0x00007ffda1a70000 - 0x00007ffda1a9a000 	C:\WINDOWS\SYSTEM32\WINMMBASE.dll
0x00007ffda6310000 - 0x00007ffda635a000 	C:\WINDOWS\System32\cfgmgr32.dll
0x00007ffd97d00000 - 0x00007ffd97d09000 	C:\WINDOWS\SYSTEM32\WSOCK32.dll
0x00007ffda69b0000 - 0x00007ffda6a1c000 	C:\WINDOWS\System32\WS2_32.dll
0x00007ffda3130000 - 0x00007ffda313f000 	C:\Program Files\Java\jdk-9.0.4\bin\verify.dll
0x00007ffd98660000 - 0x00007ffd98687000 	C:\Program Files\Java\jdk-9.0.4\bin\java.dll
0x00007ffd96f50000 - 0x00007ffd96f7a000 	C:\Program Files\Java\jdk-9.0.4\bin\instrument.dll
0x00007ffd98640000 - 0x00007ffd98656000 	C:\Program Files\Java\jdk-9.0.4\bin\zip.dll
0x00007ffd99460000 - 0x00007ffd9946a000 	C:\Program Files\Java\jdk-9.0.4\bin\jimage.dll
0x00007ffda7990000 - 0x00007ffda8dc8000 	C:\WINDOWS\System32\SHELL32.dll
0x00007ffda8dd0000 - 0x00007ffda8e76000 	C:\WINDOWS\System32\shcore.dll
0x00007ffda5950000 - 0x00007ffda6097000 	C:\WINDOWS\System32\windows.storage.dll
0x00007ffda7930000 - 0x00007ffda7981000 	C:\WINDOWS\System32\shlwapi.dll
0x00007ffda51e0000 - 0x00007ffda51f1000 	C:\WINDOWS\System32\kernel.appcore.dll
0x00007ffda5240000 - 0x00007ffda528c000 	C:\WINDOWS\System32\powrprof.dll
0x00007ffda5200000 - 0x00007ffda521b000 	C:\WINDOWS\System32\profapi.dll
0x00007ffd96f90000 - 0x00007ffd96faa000 	C:\Program Files\Java\jdk-9.0.4\bin\net.dll
0x00007ffda0fa0000 - 0x00007ffda107e000 	C:\WINDOWS\SYSTEM32\WINHTTP.dll
0x00007ffda4a70000 - 0x00007ffda4ad6000 	C:\WINDOWS\system32\mswsock.dll
0x00007ffd96ed0000 - 0x00007ffd96ee1000 	C:\Program Files\Java\jdk-9.0.4\bin\nio.dll
0x00007ffd96e40000 - 0x00007ffd96e5a000 	C:\Program Files\JetBrains\IntelliJ IDEA 2017.3.5\bin\breakgen64.dll
0x00007ffd7cd70000 - 0x00007ffd7cf09000 	C:\Program Files\Java\jdk-9.0.4\bin\awt.dll
0x00007ffda7060000 - 0x00007ffda7125000 	C:\WINDOWS\System32\OLEAUT32.dll
0x00007ffda2460000 - 0x00007ffda2a18000 	C:\WINDOWS\SYSTEM32\d2d1.dll
0x00007ffda5430000 - 0x00007ffda55fe000 	C:\WINDOWS\System32\CRYPT32.dll
0x00007ffda5220000 - 0x00007ffda5232000 	C:\WINDOWS\System32\MSASN1.dll
0x00007ffda33d0000 - 0x00007ffda3458000 	C:\WINDOWS\SYSTEM32\apphelp.dll
0x00007ffda37c0000 - 0x00007ffda37ea000 	C:\WINDOWS\system32\DWMAPI.DLL
0x00007ffda3500000 - 0x00007ffda3595000 	C:\WINDOWS\system32\uxtheme.dll
0x00007ffd6a2f0000 - 0x00007ffd6a40e000 	C:\WINDOWS\system32\opengl32.dll
0x00007ffd855f0000 - 0x00007ffd8561c000 	C:\WINDOWS\SYSTEM32\GLU32.dll
0x00007ffda7680000 - 0x00007ffda77e7000 	C:\WINDOWS\System32\MSCTF.dll
0x0000000010000000 - 0x0000000010041000 	C:\Program Files (x86)\ATI Technologies\HydraVision\HydraDMH64.dll
0x00007ffda6360000 - 0x00007ffda64a9000 	C:\WINDOWS\System32\ole32.dll
0x00007ffd6d380000 - 0x00007ffd6d515000 	C:\WINDOWS\system32\d3d9.dll
0x00007ffd9c020000 - 0x00007ffd9c1fa000 	C:\WINDOWS\System32\DriverStore\FileRepository\c0318486.inf_amd64_11ba0b4b7cc81d52\aticfx64.dll
0x00007ffd88200000 - 0x00007ffd88232000 	C:\WINDOWS\System32\DriverStore\FileRepository\c0318486.inf_amd64_11ba0b4b7cc81d52\atiu9p64.dll
0x00007ffd5a620000 - 0x00007ffd5b15c000 	C:\WINDOWS\System32\DriverStore\FileRepository\c0318486.inf_amd64_11ba0b4b7cc81d52\atiumd64.dll
0x000000006aa70000 - 0x000000006b703000 	C:\WINDOWS\System32\DriverStore\FileRepository\c0318486.inf_amd64_11ba0b4b7cc81d52\atiumd6a.dll
0x00007ffd84890000 - 0x00007ffd8492d000 	C:\Program Files\Java\jdk-9.0.4\bin\fontmanager.dll
0x00007ffd84200000 - 0x00007ffd84242000 	C:\Program Files\Java\jdk-9.0.4\bin\t2k.dll
0x00007ffd9daa0000 - 0x00007ffd9db38000 	C:\WINDOWS\System32\TextInputFramework.dll
0x00007ffd9f920000 - 0x00007ffd9fc0e000 	C:\WINDOWS\System32\CoreUIComponents.dll
0x00007ffda2a20000 - 0x00007ffda2afc000 	C:\WINDOWS\System32\CoreMessaging.dll
0x00007ffda4310000 - 0x00007ffda4341000 	C:\WINDOWS\SYSTEM32\ntmarta.dll
0x00007ffda0a80000 - 0x00007ffda0bb6000 	C:\WINDOWS\SYSTEM32\wintypes.dll

VM Arguments:
jvm_args: -javaagent:C:\Program Files\JetBrains\IntelliJ IDEA 2017.3.5\lib\idea_rt.jar=6165:C:\Program Files\JetBrains\IntelliJ IDEA 2017.3.5\bin -Dfile.encoding=UTF-8 
java_command: Gui
java_class_path (initial): C:\Users\Taylor's\IdeaProjects\Timer\out\production\Timer
Launcher Type: SUN_STANDARD

Logging:
Log output configuration:
#0: stdout all=warning uptime,level,tags
#1: stderr all=off uptime,level,tags

Environment Variables:
JAVA_HOME=C:\Program Files\Java\jdk-9.0.4
CLASSPATH=C:\Program Files\Java\jre7\bin
PATH=C:\Program Files (x86)\Razer Chroma SDK\bin;C:\Program Files\Razer Chroma SDK\bin;C:\ProgramData\Oracle\Java\javapath;C:\Windows\system32;C:\Windows;C:\Windows\System32\Wbem;C:\Windows\System32\WindowsPowerShell\v1.0\;C:\Program Files (x86)\ATI Technologies\ATI.ACE\Core-Static;C:\Program Files\Microsoft SQL Server\110\Tools\Binn\;C:\Program Files (x86)\Microsoft SDKs\TypeScript\1.0\;C:\Program Files\Microsoft SQL Server\120\Tools\Binn\;C:\Users\Taylor's\.dnx\bin;C:\Program Files\Microsoft DNX\Dnvm\;C:\Program Files\Microsoft SQL Server\130\Tools\Binn\;C:\Program Files\Microsoft SQL Server\Client SDK\ODBC\130\Tools\Binn\;C:\Program Files (x86)\Microsoft SQL Server\130\Tools\Binn\;C:\Program Files\Microsoft SQL Server\130\DTS\Binn\;C:\Program Files (x86)\Microsoft SQL Server\Client SDK\ODBC\130\Tools\Binn\;C:\Program Files (x86)\Microsoft SQL Server\130\DTS\Binn\;C:\Program Files (x86)\Microsoft SQL Server\130\Tools\Binn\ManagementStudio\;C:\Program Files\Java\jre7\bin;C:\Users\Taylor's\AppData\Local\Microsoft\WindowsApps;%SystemRoot%\system32;%SystemRoot%;%SystemRoot%\System32\Wbem;%SYSTEMROOT%\System32\WindowsPowerShell\v1.0\;%USERPROFILE%\AppData\Local\Microsoft\WindowsApps
USERNAME=Taylor's
OS=Windows_NT
PROCESSOR_IDENTIFIER=AMD64 Family 21 Model 2 Stepping 0, AuthenticAMD



---------------  S Y S T E M  ---------------

OS: Windows 10 , 64 bit Build 16299 (10.0.16299.431)

CPU:total 6 (initial active 6) (6 cores per cpu, 1 threads per core) family 21 model 2 stepping 0, cmov, cx8, fxsr, mmx, sse, sse2, sse3, ssse3, sse4.1, sse4.2, popcnt, avx, aes, clmul, mmxext, 3dnowpref, lzcnt, sse4a, tsc, tscinvbit, tscinv, bmi1

Memory: 4k page, physical 8364816k(1266356k free), swap 17613600k(2252k free)

vm_info: Java HotSpot(TM) 64-Bit Server VM (9.0.4+11) for windows-amd64 JRE (9.0.4+11), built on Dec 20 2017 02:18:54 by "mach5one" with MS VC++ 12.0 (VS2013)

END.
